Using pre-set license
Built from '2022.3/staging' branch; Version is '2022.3.14f1 (eff2de9070d8) revision 15725278'; Using compiler version '192829333'; Build Type 'Release'
OS: 'Windows 11  (10.0.22631) 64bit Core' Language: 'en' Physical Memory: 32680 MB
BatchMode: 1, IsHumanControllingUs: 0, StartBugReporterOnCrash: 0, Is64bit: 1, IsPro: 1

COMMAND LINE ARGUMENTS:
C:\Program Files\Unity\Hub\Editor\2022.3.14f1\Editor\Unity.exe
-adb2
-batchMode
-noUpm
-name
AssetImportWorker9
-projectPath
C:/2024-AVR4-DFCE--Repeat-CA--D00236899/repeatCA2024
-logFile
Logs/AssetImportWorker9.log
-srvPort
52383
Successfully changed project path to: C:/2024-AVR4-DFCE--Repeat-CA--D00236899/repeatCA2024
C:/2024-AVR4-DFCE--Repeat-CA--D00236899/repeatCA2024
[UnityMemory] Configuration Parameters - Can be set up in boot.config
    "memorysetup-bucket-allocator-granularity=16"
    "memorysetup-bucket-allocator-bucket-count=8"
    "memorysetup-bucket-allocator-block-size=33554432"
    "memorysetup-bucket-allocator-block-count=8"
    "memorysetup-main-allocator-block-size=16777216"
    "memorysetup-thread-allocator-block-size=16777216"
    "memorysetup-gfx-main-allocator-block-size=16777216"
    "memorysetup-gfx-thread-allocator-block-size=16777216"
    "memorysetup-cache-allocator-block-size=4194304"
    "memorysetup-typetree-allocator-block-size=2097152"
    "memorysetup-profiler-bucket-allocator-granularity=16"
    "memorysetup-profiler-bucket-allocator-bucket-count=8"
    "memorysetup-profiler-bucket-allocator-block-size=33554432"
    "memorysetup-profiler-bucket-allocator-block-count=8"
    "memorysetup-profiler-allocator-block-size=16777216"
    "memorysetup-profiler-editor-allocator-block-size=1048576"
    "memorysetup-temp-allocator-size-main=16777216"
    "memorysetup-job-temp-allocator-block-size=2097152"
    "memorysetup-job-temp-allocator-block-size-background=1048576"
    "memorysetup-job-temp-allocator-reduction-small-platforms=262144"
    "memorysetup-allocator-temp-initial-block-size-main=262144"
    "memorysetup-allocator-temp-initial-block-size-worker=262144"
    "memorysetup-temp-allocator-size-background-worker=32768"
    "memorysetup-temp-allocator-size-job-worker=262144"
    "memorysetup-temp-allocator-size-preload-manager=33554432"
    "memorysetup-temp-allocator-size-nav-mesh-worker=65536"
    "memorysetup-temp-allocator-size-audio-worker=65536"
    "memorysetup-temp-allocator-size-cloud-worker=32768"
    "memorysetup-temp-allocator-size-gi-baking-worker=262144"
    "memorysetup-temp-allocator-size-gfx=262144"
Player connection [60504] Host "[IP] 192.168.178.27 [Port] 0 [Flags] 2 [Guid] 1794552580 [EditorId] 1794552580 [Version] 1048832 [Id] WindowsEditor(7,DESKTOP-KJQ0BB8) [Debug] 1 [PackageName] WindowsEditor [ProjectName] Editor" joined multi-casting on [225.0.0.222:54997]...

Player connection [60504] Host "[IP] 192.168.178.27 [Port] 0 [Flags] 2 [Guid] 1794552580 [EditorId] 1794552580 [Version] 1048832 [Id] WindowsEditor(7,DESKTOP-KJQ0BB8) [Debug] 1 [PackageName] WindowsEditor [ProjectName] Editor" joined alternative multi-casting on [225.0.0.222:34997]...

[Physics::Module] Initialized MultithreadedJobDispatcher with 23 workers.
Refreshing native plugins compatible for Editor in 20.50 ms, found 3 plugins.
Preloading 0 native plugins for Editor in 0.00 ms.
Initialize engine version: 2022.3.14f1 (eff2de9070d8)
[Subsystems] Discovering subsystems at path C:/Program Files/Unity/Hub/Editor/2022.3.14f1/Editor/Data/Resources/UnitySubsystems
[Subsystems] Discovering subsystems at path C:/2024-AVR4-DFCE--Repeat-CA--D00236899/repeatCA2024/Assets
GfxDevice: creating device client; threaded=0; jobified=0
Direct3D:
    Version:  Direct3D 11.0 [level 11.1]
    Renderer: NVIDIA GeForce RTX 4070 (ID=0x2786)
    Vendor:   NVIDIA
    VRAM:     12026 MB
    Driver:   31.0.15.4617
Initialize mono
Mono path[0] = 'C:/Program Files/Unity/Hub/Editor/2022.3.14f1/Editor/Data/Managed'
Mono path[1] = 'C:/Program Files/Unity/Hub/Editor/2022.3.14f1/Editor/Data/MonoBleedingEdge/lib/mono/unityjit-win32'
Mono config path = 'C:/Program Files/Unity/Hub/Editor/2022.3.14f1/Editor/Data/MonoBleedingEdge/etc'
Using monoOptions --debugger-agent=transport=dt_socket,embedding=1,server=y,suspend=n,address=127.0.0.1:56968
Begin MonoManager ReloadAssembly
Registering precompiled unity dll's ...
Register platform support module: C:/Program Files/Unity/Hub/Editor/2022.3.14f1/Editor/Data/PlaybackEngines/WebGLSupport/UnityEditor.WebGL.Extensions.dll
Register platform support module: C:/Program Files/Unity/Hub/Editor/2022.3.14f1/Editor/Data/PlaybackEngines/WindowsStandaloneSupport/UnityEditor.WindowsStandalone.Extensions.dll
Registered in 0.008287 seconds.
- Loaded All Assemblies, in  0.304 seconds
Native extension for WindowsStandalone target not found
Native extension for WebGL target not found
Mono: successfully reloaded assembly
- Finished resetting the current domain, in  0.226 seconds
Domain Reload Profiling: 528ms
	BeginReloadAssembly (98ms)
		ExecutionOrderSort (0ms)
		DisableScriptedObjects (0ms)
		BackupInstance (0ms)
		ReleaseScriptingObjects (0ms)
		CreateAndSetChildDomain (1ms)
	RebuildCommonClasses (25ms)
	RebuildNativeTypeToScriptingClass (8ms)
	initialDomainReloadingComplete (52ms)
	LoadAllAssembliesAndSetupDomain (119ms)
		LoadAssemblies (95ms)
		RebuildTransferFunctionScriptingTraits (0ms)
		AnalyzeDomain (117ms)
			TypeCache.Refresh (116ms)
				TypeCache.ScanAssembly (104ms)
			ScanForSourceGeneratedMonoScriptInfo (0ms)
			ResolveRequiredComponents (0ms)
	FinalizeReload (226ms)
		ReleaseScriptCaches (0ms)
		RebuildScriptCaches (0ms)
		SetupLoadedEditorAssemblies (170ms)
			LogAssemblyErrors (0ms)
			InitializePlatformSupportModulesInManaged (10ms)
			SetLoadedEditorAssemblies (5ms)
			RefreshPlugins (0ms)
			BeforeProcessingInitializeOnLoad (2ms)
			ProcessInitializeOnLoadAttributes (109ms)
			ProcessInitializeOnLoadMethodAttributes (44ms)
			AfterProcessingInitializeOnLoad (0ms)
			EditorAssembliesLoaded (0ms)
		ExecutionOrderSort2 (0ms)
		AwakeInstancesAfterBackupRestoration (0ms)
========================================================================
Worker process is ready to serve import requests
Begin MonoManager ReloadAssembly
- Loaded All Assemblies, in  0.850 seconds
Refreshing native plugins compatible for Editor in 7.06 ms, found 3 plugins.
Native extension for WindowsStandalone target not found
Native extension for WebGL target not found
Package Manager log level set to [2]
[Package Manager] Server::EnsureServerProcessIsRunning -- launch failed, reason: Unity was launched with the -noUpm command-line argument
[Package Manager] UpmClient::Send -- Unable to send message (not connected to UPM process).
[Package Manager] Cannot connect to Unity Package Manager local server
Launched and connected shader compiler UnityShaderCompiler.exe after 0.07 seconds
Mono: successfully reloaded assembly
- Finished resetting the current domain, in  1.242 seconds
Domain Reload Profiling: 2090ms
	BeginReloadAssembly (122ms)
		ExecutionOrderSort (0ms)
		DisableScriptedObjects (4ms)
		BackupInstance (0ms)
		ReleaseScriptingObjects (0ms)
		CreateAndSetChildDomain (18ms)
	RebuildCommonClasses (24ms)
	RebuildNativeTypeToScriptingClass (7ms)
	initialDomainReloadingComplete (38ms)
	LoadAllAssembliesAndSetupDomain (656ms)
		LoadAssemblies (439ms)
		RebuildTransferFunctionScriptingTraits (0ms)
		AnalyzeDomain (288ms)
			TypeCache.Refresh (253ms)
				TypeCache.ScanAssembly (232ms)
			ScanForSourceGeneratedMonoScriptInfo (25ms)
			ResolveRequiredComponents (8ms)
	FinalizeReload (1243ms)
		ReleaseScriptCaches (0ms)
		RebuildScriptCaches (0ms)
		SetupLoadedEditorAssemblies (1109ms)
			LogAssemblyErrors (0ms)
			InitializePlatformSupportModulesInManaged (7ms)
			SetLoadedEditorAssemblies (3ms)
			RefreshPlugins (0ms)
			BeforeProcessingInitializeOnLoad (71ms)
			ProcessInitializeOnLoadAttributes (720ms)
			ProcessInitializeOnLoadMethodAttributes (302ms)
			AfterProcessingInitializeOnLoad (6ms)
			EditorAssembliesLoaded (0ms)
		ExecutionOrderSort2 (0ms)
		AwakeInstancesAfterBackupRestoration (5ms)
Refreshing native plugins compatible for Editor in 11.50 ms, found 3 plugins.
Preloading 0 native plugins for Editor in 0.00 ms.
Unloading 5968 Unused Serialized files (Serialized files now loaded: 0)
Unloading 108 unused Assets / (1.7 MB). Loaded Objects now: 6486.
Memory consumption went from 262.0 MB to 260.3 MB.
Total: 26.769100 ms (FindLiveObjects: 0.806200 ms CreateObjectMapping: 0.439700 ms MarkObjects: 24.896900 ms  DeleteObjects: 0.624800 ms)

AssetImportParameters requested are different than current active one (requested -> active):
  custom:container-demuxer-ogg: 62fdf1f143b41e24485cea50d1cbac27 -> 
  custom:video-codec-MediaFoundation-h265: 746d11721c4dcdbdad8f713fa42b33f4 -> 
  custom:video-decoder-ogg-theora: a1e56fd34408186e4bbccfd4996cb3dc -> 
  custom:framework-win-MediaFoundation: 216162199b28c13a410421893ffa2e32 -> 
  custom:CustomObjectIndexerAttribute: d54d2f2da18e7612c182cf67624b6b12 -> 
  custom:container-demuxer-webm: 4f35f7cbe854078d1ac9338744f61a02 -> 
  custom:container-muxer-webm: aa71ff27fc2769a1b78a27578f13a17b -> 
  custom:video-decoder-webm-vp8: 9c59270c3fd7afecdb556c50c9e8de78 -> 
  custom:SearchIndexIgnoredProperties: e643bd26f0fe6173181afceb89e7c659 -> 
  custom:AudioImporter_EditorPlatform: d09bf68614088b80899f8185d706f6e7 -> 
  custom:video-encoder-webm-vp8: eb34c28f22e8b96e1ab97ce403110664 -> 
  custom:audio-decoder-ogg-vorbis: bf7c407c2cedff20999df2af8eb42d56 -> 
  custom:audio-encoder-webm-vorbis: bf7c407c2cedff20999df2af8eb42d56 -> 
========================================================================
Received Import Request.
  Time since last request: 83005.185888 seconds.
  path: Packages/com.unity.probuilder/Content/Resources/Materials/EdgePicker.mat
  artifactKey: Guid(4ff996e3a0a5743a3987ab6231160665) Importer(815301076,1909f56bfc062723c751e8b465ee728b)
Start importing Packages/com.unity.probuilder/Content/Resources/Materials/EdgePicker.mat using Guid(4ff996e3a0a5743a3987ab6231160665) Importer(815301076,1909f56bfc062723c751e8b465ee728b)  -> (artifact id: '348f7575b90a96ecfadc62a155329e9c') in 0.234373 seconds
Number of updated asset objects reloaded before import = 0
Number of asset objects unloaded after import = 3
========================================================================
Received Import Request.
  Time since last request: 3.555369 seconds.
  path: Assets/My Assets/Materials/Materials/Epic_BlueSunset Equirect.mat
  artifactKey: Guid(cdbb40e11399e4a17882ada20a1b896a) Importer(815301076,1909f56bfc062723c751e8b465ee728b)
Start importing Assets/My Assets/Materials/Materials/Epic_BlueSunset Equirect.mat using Guid(cdbb40e11399e4a17882ada20a1b896a) Importer(815301076,1909f56bfc062723c751e8b465ee728b)  -> (artifact id: '0222ba47fd7d38ee095ff448e4e5ed2e') in 0.037736 seconds
Number of updated asset objects reloaded before import = 0
Number of asset objects unloaded after import = 3
========================================================================
Received Import Request.
  Time since last request: 0.191998 seconds.
  path: Assets/ThirdParty/models/GeeKay3D/First-Aid-Set/Assets/Materials/FirstAid_Green.mat
  artifactKey: Guid(e076833fec2df4e468280e3a779a4a1c) Importer(815301076,1909f56bfc062723c751e8b465ee728b)
Start importing Assets/ThirdParty/models/GeeKay3D/First-Aid-Set/Assets/Materials/FirstAid_Green.mat using Guid(e076833fec2df4e468280e3a779a4a1c) Importer(815301076,1909f56bfc062723c751e8b465ee728b)  -> (artifact id: '93b42d7936f409afcf4048b3ada38cab') in 0.034826 seconds
Number of updated asset objects reloaded before import = 0
Number of asset objects unloaded after import = 6
========================================================================
Received Import Request.
  Time since last request: 0.000017 seconds.
  path: Assets/My Assets/Materials/Floor.mat
  artifactKey: Guid(6b136784cf61ad74b89352220bb69fe7) Importer(815301076,1909f56bfc062723c751e8b465ee728b)
Start importing Assets/My Assets/Materials/Floor.mat using Guid(6b136784cf61ad74b89352220bb69fe7) Importer(815301076,1909f56bfc062723c751e8b465ee728b)  -> (artifact id: '9000648e7edd0c3b60ab651a8a01befe') in 0.019457 seconds
Number of updated asset objects reloaded before import = 0
Number of asset objects unloaded after import = 6
========================================================================
Received Import Request.
  Time since last request: 0.000015 seconds.
  path: Assets/ThirdParty/Fonts/Ayamikan.ttf
  artifactKey: Guid(cf928d8503594d24180914faa4bda0fe) Importer(815301076,1909f56bfc062723c751e8b465ee728b)
Start importing Assets/ThirdParty/Fonts/Ayamikan.ttf using Guid(cf928d8503594d24180914faa4bda0fe) Importer(815301076,1909f56bfc062723c751e8b465ee728b)  -> (artifact id: '9653de13cb7be4c1a73a7001e0e3734e') in 0.015158 seconds
Number of updated asset objects reloaded before import = 0
Number of asset objects unloaded after import = 5
========================================================================
Received Import Request.
  Time since last request: 3.864132 seconds.
  path: Packages/com.unity.searcher/Editor/Resources/FlatSkin/Font/Roboto-BoldItalic.ttf
  artifactKey: Guid(dfb97a9307a577a41bcacba34b9a7e32) Importer(815301076,1909f56bfc062723c751e8b465ee728b)
Start importing Packages/com.unity.searcher/Editor/Resources/FlatSkin/Font/Roboto-BoldItalic.ttf using Guid(dfb97a9307a577a41bcacba34b9a7e32) Importer(815301076,1909f56bfc062723c751e8b465ee728b)  -> (artifact id: '71cc710dcae7936c8c0e9bb1f221523c') in 0.010517 seconds
Number of updated asset objects reloaded before import = 0
Number of asset objects unloaded after import = 5
========================================================================
Received Import Request.
  Time since last request: 0.151348 seconds.
  path: Assets/My Assets/Materials/Materials/green-grass-mat-background.mat
  artifactKey: Guid(df3391681556056478f0530ffb084d5f) Importer(815301076,1909f56bfc062723c751e8b465ee728b)
Start importing Assets/My Assets/Materials/Materials/green-grass-mat-background.mat using Guid(df3391681556056478f0530ffb084d5f) Importer(815301076,1909f56bfc062723c751e8b465ee728b)  -> (artifact id: 'da15923dc630fdacd1a436ef76a8e1f9') in 0.014079 seconds
Number of updated asset objects reloaded before import = 0
Number of asset objects unloaded after import = 3
========================================================================
Received Import Request.
  Time since last request: 0.072987 seconds.
  path: Assets/Plugins/TextMesh Pro/Resources/Fonts & Materials/LiberationSans SDF - Drop Shadow.mat
  artifactKey: Guid(e73a58f6e2794ae7b1b7e50b7fb811b0) Importer(815301076,1909f56bfc062723c751e8b465ee728b)
Start importing Assets/Plugins/TextMesh Pro/Resources/Fonts & Materials/LiberationSans SDF - Drop Shadow.mat using Guid(e73a58f6e2794ae7b1b7e50b7fb811b0) Importer(815301076,1909f56bfc062723c751e8b465ee728b)  -> (artifact id: '5565899b2a155c8f96b5321d48c99488') in 0.025493 seconds
Number of updated asset objects reloaded before import = 0
Number of asset objects unloaded after import = 3
========================================================================
Received Import Request.
  Time since last request: 0.000016 seconds.
  path: Assets/Plugins/TextMesh Pro/Resources/Fonts & Materials/LiberationSans SDF - Fallback.asset
  artifactKey: Guid(2e498d1c8094910479dc3e1b768306a4) Importer(815301076,1909f56bfc062723c751e8b465ee728b)
Start importing Assets/Plugins/TextMesh Pro/Resources/Fonts & Materials/LiberationSans SDF - Fallback.asset using Guid(2e498d1c8094910479dc3e1b768306a4) Importer(815301076,1909f56bfc062723c751e8b465ee728b)  -> (artifact id: '7a223e8f8cf8e72ea5706d9d02f9541a') in 0.025310 seconds
Number of updated asset objects reloaded before import = 0
Number of asset objects unloaded after import = 7
========================================================================
Received Import Request.
  Time since last request: 1.557892 seconds.
  path: Assets/My Assets/Prefabs/3DAssets/Models/Props/materials/Material.mat
  artifactKey: Guid(95a3e98ba0af229428e12af9b6abd64a) Importer(815301076,1909f56bfc062723c751e8b465ee728b)
Start importing Assets/My Assets/Prefabs/3DAssets/Models/Props/materials/Material.mat using Guid(95a3e98ba0af229428e12af9b6abd64a) Importer(815301076,1909f56bfc062723c751e8b465ee728b)  -> (artifact id: 'b1fb3ecd32c83af11b4c37aab40aeb33') in 0.013736 seconds
Number of updated asset objects reloaded before import = 0
Number of asset objects unloaded after import = 3
========================================================================
Received Import Request.
  Time since last request: 1.454090 seconds.
  path: Assets/My Assets/Materials/Materials/Material.005.mat
  artifactKey: Guid(af0de472c6d86b5458a11c9a1f1c3b1b) Importer(815301076,1909f56bfc062723c751e8b465ee728b)
Start importing Assets/My Assets/Materials/Materials/Material.005.mat using Guid(af0de472c6d86b5458a11c9a1f1c3b1b) Importer(815301076,1909f56bfc062723c751e8b465ee728b)  -> (artifact id: '9e1d0668edd021b90c3ab78290e12689') in 0.009934 seconds
Number of updated asset objects reloaded before import = 0
Number of asset objects unloaded after import = 2
========================================================================
Received Import Request.
  Time since last request: 0.006544 seconds.
  path: Assets/My Assets/Materials/Materials/Material.010.mat
  artifactKey: Guid(3cca53b1302e64e40a127eeefb794133) Importer(815301076,1909f56bfc062723c751e8b465ee728b)
Start importing Assets/My Assets/Materials/Materials/Material.010.mat using Guid(3cca53b1302e64e40a127eeefb794133) Importer(815301076,1909f56bfc062723c751e8b465ee728b)  -> (artifact id: '6ea3808990185fcd9133c853027d44a2') in 0.031209 seconds
Number of updated asset objects reloaded before import = 0
Number of asset objects unloaded after import = 2
========================================================================
Received Import Request.
  Time since last request: 0.054405 seconds.
  path: Assets/My Assets/Materials/Materials/Material.013.mat
  artifactKey: Guid(74428379cd2ca6c4ebb49410a314cf7a) Importer(815301076,1909f56bfc062723c751e8b465ee728b)
Start importing Assets/My Assets/Materials/Materials/Material.013.mat using Guid(74428379cd2ca6c4ebb49410a314cf7a) Importer(815301076,1909f56bfc062723c751e8b465ee728b)  -> (artifact id: '6bcf357d3df8736d117174d3bb3549f1') in 0.010737 seconds
Number of updated asset objects reloaded before import = 0
Number of asset objects unloaded after import = 2
========================================================================
Received Import Request.
  Time since last request: 0.004871 seconds.
  path: Assets/My Assets/Materials/No Name.mat
  artifactKey: Guid(509c0bcdb3d8d7542b4aef8b43738bf7) Importer(815301076,1909f56bfc062723c751e8b465ee728b)
Start importing Assets/My Assets/Materials/No Name.mat using Guid(509c0bcdb3d8d7542b4aef8b43738bf7) Importer(815301076,1909f56bfc062723c751e8b465ee728b)  -> (artifact id: '5e634e11bb87b37cdb9bb5ea2741d485') in 0.011957 seconds
Number of updated asset objects reloaded before import = 0
Number of asset objects unloaded after import = 2
========================================================================
Received Import Request.
  Time since last request: 0.000014 seconds.
  path: Assets/My Assets/Materials/orange.mat
  artifactKey: Guid(63d4c2c5871c4c44e97b44f70a2802cf) Importer(815301076,1909f56bfc062723c751e8b465ee728b)
Start importing Assets/My Assets/Materials/orange.mat using Guid(63d4c2c5871c4c44e97b44f70a2802cf) Importer(815301076,1909f56bfc062723c751e8b465ee728b)  -> (artifact id: 'badc4f3aca7b5ac53b718f56a24f8ca2') in 0.011863 seconds
Number of updated asset objects reloaded before import = 0
Number of asset objects unloaded after import = 2
========================================================================
Received Import Request.
  Time since last request: 0.046368 seconds.
  path: Assets/My Assets/Materials/Materials/photos_2017_8_5_fst_brick-wall-texture-red.mat
  artifactKey: Guid(75cf290766cfc3147a29558caa9f970e) Importer(815301076,1909f56bfc062723c751e8b465ee728b)
Start importing Assets/My Assets/Materials/Materials/photos_2017_8_5_fst_brick-wall-texture-red.mat using Guid(75cf290766cfc3147a29558caa9f970e) Importer(815301076,1909f56bfc062723c751e8b465ee728b)  -> (artifact id: '813ee21890e962e1eaf037cb4c96c8e2') in 0.006825 seconds
Number of updated asset objects reloaded before import = 0
Number of asset objects unloaded after import = 2
========================================================================
Received Import Request.
  Time since last request: 0.000014 seconds.
  path: Assets/My Assets/Materials/Materials/photos_2022_10_21_fst_gray-rough-wall.mat
  artifactKey: Guid(8450842958b03b349a0a15cc90319778) Importer(815301076,1909f56bfc062723c751e8b465ee728b)
Start importing Assets/My Assets/Materials/Materials/photos_2022_10_21_fst_gray-rough-wall.mat using Guid(8450842958b03b349a0a15cc90319778) Importer(815301076,1909f56bfc062723c751e8b465ee728b)  -> (artifact id: '699d0aca36a3ae6233e5ceb44aac9149') in 0.012259 seconds
Number of updated asset objects reloaded before import = 0
Number of asset objects unloaded after import = 3
========================================================================
Received Import Request.
  Time since last request: 4.288704 seconds.
  path: Packages/com.unity.render-pipelines.universal/Runtime/Materials/Sprite-Lit-Default.mat
  artifactKey: Guid(a97c105638bdf8b4a8650670310a4cd3) Importer(815301076,1909f56bfc062723c751e8b465ee728b)
Start importing Packages/com.unity.render-pipelines.universal/Runtime/Materials/Sprite-Lit-Default.mat using Guid(a97c105638bdf8b4a8650670310a4cd3) Importer(815301076,1909f56bfc062723c751e8b465ee728b)  -> (artifact id: 'e59871b08f2402ccc0181b10ca3e7b1e') in 0.012470 seconds
Number of updated asset objects reloaded before import = 0
Number of asset objects unloaded after import = 2
========================================================================
Received Import Request.
  Time since last request: 0.108364 seconds.
  path: Assets/My Assets/Materials/Materials/TreeLeaves.mat
  artifactKey: Guid(5a2c0c63420584a7c99a4f89a19e51dd) Importer(815301076,1909f56bfc062723c751e8b465ee728b)
Start importing Assets/My Assets/Materials/Materials/TreeLeaves.mat using Guid(5a2c0c63420584a7c99a4f89a19e51dd) Importer(815301076,1909f56bfc062723c751e8b465ee728b)  -> (artifact id: '2b417bb5ab54486572e79d34c23e0b26') in 0.015394 seconds
Number of updated asset objects reloaded before import = 0
Number of asset objects unloaded after import = 2
========================================================================
Received Import Request.
  Time since last request: 0.000015 seconds.
  path: Assets/ThirdParty/models/LowpolyVegetationPackFree/Modeles/FirTree_02.fbx
  artifactKey: Guid(f5dda75856345af45935017fa81dbef3) Importer(815301076,1909f56bfc062723c751e8b465ee728b)
Start importing Assets/ThirdParty/models/LowpolyVegetationPackFree/Modeles/FirTree_02.fbx using Guid(f5dda75856345af45935017fa81dbef3) Importer(815301076,1909f56bfc062723c751e8b465ee728b)  -> (artifact id: '40187b672cdf6a0bc8b39f928c8ffd7f') in 0.035910 seconds
Number of updated asset objects reloaded before import = 0
Number of asset objects unloaded after import = 9
========================================================================
Received Import Request.
  Time since last request: 27.343878 seconds.
  path: Assets/My Assets/Prefabs/3DAssets/Models/Props/materials/whitematerial.mat
  artifactKey: Guid(97914520c5b559b4db28ce56f3d95757) Importer(815301076,1909f56bfc062723c751e8b465ee728b)
Start importing Assets/My Assets/Prefabs/3DAssets/Models/Props/materials/whitematerial.mat using Guid(97914520c5b559b4db28ce56f3d95757) Importer(815301076,1909f56bfc062723c751e8b465ee728b)  -> (artifact id: 'c8338928f3c2f0f19390f03bb2e2b1fd') in 0.017565 seconds
Number of updated asset objects reloaded before import = 0
Number of asset objects unloaded after import = 3
========================================================================
Received Import Request.
  Time since last request: 0.518244 seconds.
  path: Assets/My Assets/Materials/Materials/yellowmodelfbx-Material.011.mat
  artifactKey: Guid(dff4f17e1fd9cbf47a2d5a572e62956b) Importer(815301076,1909f56bfc062723c751e8b465ee728b)
Start importing Assets/My Assets/Materials/Materials/yellowmodelfbx-Material.011.mat using Guid(dff4f17e1fd9cbf47a2d5a572e62956b) Importer(815301076,1909f56bfc062723c751e8b465ee728b)  -> (artifact id: '89bd4b2371ca11bc1f51089874eedfab') in 0.043214 seconds
Number of updated asset objects reloaded before import = 0
Number of asset objects unloaded after import = 2
========================================================================
Received Import Request.
  Time since last request: 118.362231 seconds.
  path: Assets/My Assets/Materials/Remy_Body_Gloss.png
  artifactKey: Guid(6bb6967b0379de64eb746319f962d77a) Importer(815301076,1909f56bfc062723c751e8b465ee728b)
Start importing Assets/My Assets/Materials/Remy_Body_Gloss.png using Guid(6bb6967b0379de64eb746319f962d77a) Importer(815301076,1909f56bfc062723c751e8b465ee728b)  -> (artifact id: '70c5b010c85b20a222201ba0055b9530') in 0.015248 seconds
Number of updated asset objects reloaded before import = 0
Number of asset objects unloaded after import = 2
========================================================================
Received Import Request.
  Time since last request: 0.000018 seconds.
  path: Assets/My Assets/Materials/Remy_Body_Opacity.png
  artifactKey: Guid(6b132458aba5c3f40b72a7f957fbb41d) Importer(815301076,1909f56bfc062723c751e8b465ee728b)
Start importing Assets/My Assets/Materials/Remy_Body_Opacity.png using Guid(6b132458aba5c3f40b72a7f957fbb41d) Importer(815301076,1909f56bfc062723c751e8b465ee728b)  -> (artifact id: 'dea676ee717995c139b8ea67301f0b5a') in 0.014383 seconds
Number of updated asset objects reloaded before import = 0
Number of asset objects unloaded after import = 2
========================================================================
Received Import Request.
  Time since last request: 0.000551 seconds.
  path: Assets/My Assets/Materials/Remy_Bottom_Normal.png
  artifactKey: Guid(c7ed9d0bde096904caa824a255bd354b) Importer(815301076,1909f56bfc062723c751e8b465ee728b)
Start importing Assets/My Assets/Materials/Remy_Bottom_Normal.png using Guid(c7ed9d0bde096904caa824a255bd354b) Importer(815301076,1909f56bfc062723c751e8b465ee728b)  -> (artifact id: '8b3459e096ea756bebd2fa5b82b5304e') in 0.018579 seconds
Number of updated asset objects reloaded before import = 0
Number of asset objects unloaded after import = 2
========================================================================
Received Import Request.
  Time since last request: 0.000362 seconds.
  path: Assets/My Assets/Materials/Remy_Hair_Diffuse.png
  artifactKey: Guid(b06ce42069b667948803fb25a9e83b56) Importer(815301076,1909f56bfc062723c751e8b465ee728b)
Start importing Assets/My Assets/Materials/Remy_Hair_Diffuse.png using Guid(b06ce42069b667948803fb25a9e83b56) Importer(815301076,1909f56bfc062723c751e8b465ee728b)  -> (artifact id: 'c288742f6c209b90f8e505e502bbf6c9') in 0.017060 seconds
Number of updated asset objects reloaded before import = 0
Number of asset objects unloaded after import = 2
========================================================================
Received Import Request.
  Time since last request: 0.001524 seconds.
  path: Assets/My Assets/Materials/Remy_Bottom_Diffuse.png
  artifactKey: Guid(4853842eaa5d9a64bb2a6699a0739746) Importer(815301076,1909f56bfc062723c751e8b465ee728b)
Start importing Assets/My Assets/Materials/Remy_Bottom_Diffuse.png using Guid(4853842eaa5d9a64bb2a6699a0739746) Importer(815301076,1909f56bfc062723c751e8b465ee728b)  -> (artifact id: 'ae593919dc31e8f5d1cb3dbd93138df6') in 0.017866 seconds
Number of updated asset objects reloaded before import = 0
Number of asset objects unloaded after import = 2
========================================================================
Received Import Request.
  Time since last request: 0.000015 seconds.
  path: Assets/My Assets/Materials/Remy_Shoes_Diffuse.png
  artifactKey: Guid(60e797984b1690e48857e02c3b548942) Importer(815301076,1909f56bfc062723c751e8b465ee728b)
Start importing Assets/My Assets/Materials/Remy_Shoes_Diffuse.png using Guid(60e797984b1690e48857e02c3b548942) Importer(815301076,1909f56bfc062723c751e8b465ee728b)  -> (artifact id: 'd66eede022f5dfec387b5ff8ed2921cc') in 0.015783 seconds
Number of updated asset objects reloaded before import = 0
Number of asset objects unloaded after import = 2
========================================================================
Received Import Request.
  Time since last request: 0.000018 seconds.
  path: Assets/My Assets/Materials/Remy_Shoes_Normal.png
  artifactKey: Guid(ec7168450cff9124dbbb179a9e813f49) Importer(815301076,1909f56bfc062723c751e8b465ee728b)
Start importing Assets/My Assets/Materials/Remy_Shoes_Normal.png using Guid(ec7168450cff9124dbbb179a9e813f49) Importer(815301076,1909f56bfc062723c751e8b465ee728b)  -> (artifact id: 'd573f817e7b5a7cdae2ba337c91ac114') in 0.020225 seconds
Number of updated asset objects reloaded before import = 0
Number of asset objects unloaded after import = 2
========================================================================
Received Import Request.
  Time since last request: 0.000022 seconds.
  path: Assets/My Assets/Materials/Remy_Hair_Gloss.png
  artifactKey: Guid(88627f55fc7bec94cb0d6a9567304b69) Importer(815301076,1909f56bfc062723c751e8b465ee728b)
Start importing Assets/My Assets/Materials/Remy_Hair_Gloss.png using Guid(88627f55fc7bec94cb0d6a9567304b69) Importer(815301076,1909f56bfc062723c751e8b465ee728b)  -> (artifact id: '178f08cc520e606bc0ef51f7a68a29e9') in 0.016988 seconds
Number of updated asset objects reloaded before import = 0
Number of asset objects unloaded after import = 2
========================================================================
Received Import Request.
  Time since last request: 0.000013 seconds.
  path: Assets/My Assets/Materials/Remy_Top_Specular.png
  artifactKey: Guid(780f0102e1253144e81e3a88e677dda7) Importer(815301076,1909f56bfc062723c751e8b465ee728b)
Start importing Assets/My Assets/Materials/Remy_Top_Specular.png using Guid(780f0102e1253144e81e3a88e677dda7) Importer(815301076,1909f56bfc062723c751e8b465ee728b)  -> (artifact id: '068817891fabf66d9748bdb62739a382') in 0.013746 seconds
Number of updated asset objects reloaded before import = 0
Number of asset objects unloaded after import = 2
========================================================================
Received Import Request.
  Time since last request: 0.000013 seconds.
  path: Assets/My Assets/Materials/Remy_Top_Diffuse.png
  artifactKey: Guid(0a36010365976f943baeb9b03a9f68e4) Importer(815301076,1909f56bfc062723c751e8b465ee728b)
Start importing Assets/My Assets/Materials/Remy_Top_Diffuse.png using Guid(0a36010365976f943baeb9b03a9f68e4) Importer(815301076,1909f56bfc062723c751e8b465ee728b)  -> (artifact id: '93392e4e2a15a332e7c8906261289d50') in 0.013759 seconds
Number of updated asset objects reloaded before import = 0
Number of asset objects unloaded after import = 2
========================================================================
Received Import Request.
  Time since last request: 0.000013 seconds.
  path: Assets/My Assets/Materials/Remy_Body_Specular.png
  artifactKey: Guid(45ba41fd782cc3c4cbff68d78123f1cf) Importer(815301076,1909f56bfc062723c751e8b465ee728b)
Start importing Assets/My Assets/Materials/Remy_Body_Specular.png using Guid(45ba41fd782cc3c4cbff68d78123f1cf) Importer(815301076,1909f56bfc062723c751e8b465ee728b)  -> (artifact id: '436786425f201a3c797cf462c22fc42e') in 0.018687 seconds
Number of updated asset objects reloaded before import = 0
Number of asset objects unloaded after import = 2
Editor requested this worker to shutdown with reason: Scaling down because of idle timeout
TcpMessagingSession - receive error: operation aborted. errorcode: 995, details: The I/O operation has been aborted because of either a thread exit or an application request.
AssetImportWorker is now disconnected from the server
Process exiting
Exiting without the bug reporter. Application will terminate with return code 0