Using pre-set license
Built from '2022.3/staging' branch; Version is '2022.3.14f1 (eff2de9070d8) revision 15725278'; Using compiler version '192829333'; Build Type 'Release'
OS: 'Windows 11  (10.0.22631) 64bit Core' Language: 'en' Physical Memory: 32680 MB
BatchMode: 1, IsHumanControllingUs: 0, StartBugReporterOnCrash: 0, Is64bit: 1, IsPro: 1

COMMAND LINE ARGUMENTS:
C:\Program Files\Unity\Hub\Editor\2022.3.14f1\Editor\Unity.exe
-adb2
-batchMode
-noUpm
-name
AssetImportWorker10
-projectPath
C:/2024-AVR4-DFCE--Repeat-CA--D00236899/repeatCA2024
-logFile
Logs/AssetImportWorker10.log
-srvPort
52383
Successfully changed project path to: C:/2024-AVR4-DFCE--Repeat-CA--D00236899/repeatCA2024
C:/2024-AVR4-DFCE--Repeat-CA--D00236899/repeatCA2024
[UnityMemory] Configuration Parameters - Can be set up in boot.config
    "memorysetup-bucket-allocator-granularity=16"
    "memorysetup-bucket-allocator-bucket-count=8"
    "memorysetup-bucket-allocator-block-size=33554432"
    "memorysetup-bucket-allocator-block-count=8"
    "memorysetup-main-allocator-block-size=16777216"
    "memorysetup-thread-allocator-block-size=16777216"
    "memorysetup-gfx-main-allocator-block-size=16777216"
    "memorysetup-gfx-thread-allocator-block-size=16777216"
    "memorysetup-cache-allocator-block-size=4194304"
    "memorysetup-typetree-allocator-block-size=2097152"
    "memorysetup-profiler-bucket-allocator-granularity=16"
    "memorysetup-profiler-bucket-allocator-bucket-count=8"
    "memorysetup-profiler-bucket-allocator-block-size=33554432"
    "memorysetup-profiler-bucket-allocator-block-count=8"
    "memorysetup-profiler-allocator-block-size=16777216"
    "memorysetup-profiler-editor-allocator-block-size=1048576"
    "memorysetup-temp-allocator-size-main=16777216"
    "memorysetup-job-temp-allocator-block-size=2097152"
    "memorysetup-job-temp-allocator-block-size-background=1048576"
    "memorysetup-job-temp-allocator-reduction-small-platforms=262144"
    "memorysetup-allocator-temp-initial-block-size-main=262144"
    "memorysetup-allocator-temp-initial-block-size-worker=262144"
    "memorysetup-temp-allocator-size-background-worker=32768"
    "memorysetup-temp-allocator-size-job-worker=262144"
    "memorysetup-temp-allocator-size-preload-manager=33554432"
    "memorysetup-temp-allocator-size-nav-mesh-worker=65536"
    "memorysetup-temp-allocator-size-audio-worker=65536"
    "memorysetup-temp-allocator-size-cloud-worker=32768"
    "memorysetup-temp-allocator-size-gi-baking-worker=262144"
    "memorysetup-temp-allocator-size-gfx=262144"
Player connection [16796] Host "[IP] 192.168.178.27 [Port] 0 [Flags] 2 [Guid] 2017015937 [EditorId] 2017015937 [Version] 1048832 [Id] WindowsEditor(7,DESKTOP-KJQ0BB8) [Debug] 1 [PackageName] WindowsEditor [ProjectName] Editor" joined multi-casting on [225.0.0.222:54997]...

Player connection [16796] Host "[IP] 192.168.178.27 [Port] 0 [Flags] 2 [Guid] 2017015937 [EditorId] 2017015937 [Version] 1048832 [Id] WindowsEditor(7,DESKTOP-KJQ0BB8) [Debug] 1 [PackageName] WindowsEditor [ProjectName] Editor" joined alternative multi-casting on [225.0.0.222:34997]...

[Physics::Module] Initialized MultithreadedJobDispatcher with 23 workers.
Refreshing native plugins compatible for Editor in 19.80 ms, found 3 plugins.
Preloading 0 native plugins for Editor in 0.00 ms.
Initialize engine version: 2022.3.14f1 (eff2de9070d8)
[Subsystems] Discovering subsystems at path C:/Program Files/Unity/Hub/Editor/2022.3.14f1/Editor/Data/Resources/UnitySubsystems
[Subsystems] Discovering subsystems at path C:/2024-AVR4-DFCE--Repeat-CA--D00236899/repeatCA2024/Assets
GfxDevice: creating device client; threaded=0; jobified=0
Direct3D:
    Version:  Direct3D 11.0 [level 11.1]
    Renderer: NVIDIA GeForce RTX 4070 (ID=0x2786)
    Vendor:   NVIDIA
    VRAM:     12026 MB
    Driver:   31.0.15.4617
Initialize mono
Mono path[0] = 'C:/Program Files/Unity/Hub/Editor/2022.3.14f1/Editor/Data/Managed'
Mono path[1] = 'C:/Program Files/Unity/Hub/Editor/2022.3.14f1/Editor/Data/MonoBleedingEdge/lib/mono/unityjit-win32'
Mono config path = 'C:/Program Files/Unity/Hub/Editor/2022.3.14f1/Editor/Data/MonoBleedingEdge/etc'
Using monoOptions --debugger-agent=transport=dt_socket,embedding=1,server=y,suspend=n,address=127.0.0.1:56992
Begin MonoManager ReloadAssembly
Registering precompiled unity dll's ...
Register platform support module: C:/Program Files/Unity/Hub/Editor/2022.3.14f1/Editor/Data/PlaybackEngines/WebGLSupport/UnityEditor.WebGL.Extensions.dll
Register platform support module: C:/Program Files/Unity/Hub/Editor/2022.3.14f1/Editor/Data/PlaybackEngines/WindowsStandaloneSupport/UnityEditor.WindowsStandalone.Extensions.dll
Registered in 0.008221 seconds.
- Loaded All Assemblies, in  0.311 seconds
Native extension for WindowsStandalone target not found
Native extension for WebGL target not found
Mono: successfully reloaded assembly
- Finished resetting the current domain, in  0.217 seconds
Domain Reload Profiling: 527ms
	BeginReloadAssembly (103ms)
		ExecutionOrderSort (0ms)
		DisableScriptedObjects (0ms)
		BackupInstance (0ms)
		ReleaseScriptingObjects (0ms)
		CreateAndSetChildDomain (1ms)
	RebuildCommonClasses (25ms)
	RebuildNativeTypeToScriptingClass (8ms)
	initialDomainReloadingComplete (51ms)
	LoadAllAssembliesAndSetupDomain (124ms)
		LoadAssemblies (100ms)
		RebuildTransferFunctionScriptingTraits (0ms)
		AnalyzeDomain (122ms)
			TypeCache.Refresh (120ms)
				TypeCache.ScanAssembly (111ms)
			ScanForSourceGeneratedMonoScriptInfo (0ms)
			ResolveRequiredComponents (0ms)
	FinalizeReload (218ms)
		ReleaseScriptCaches (0ms)
		RebuildScriptCaches (0ms)
		SetupLoadedEditorAssemblies (168ms)
			LogAssemblyErrors (0ms)
			InitializePlatformSupportModulesInManaged (10ms)
			SetLoadedEditorAssemblies (5ms)
			RefreshPlugins (0ms)
			BeforeProcessingInitializeOnLoad (2ms)
			ProcessInitializeOnLoadAttributes (108ms)
			ProcessInitializeOnLoadMethodAttributes (43ms)
			AfterProcessingInitializeOnLoad (0ms)
			EditorAssembliesLoaded (0ms)
		ExecutionOrderSort2 (0ms)
		AwakeInstancesAfterBackupRestoration (0ms)
========================================================================
Worker process is ready to serve import requests
Begin MonoManager ReloadAssembly
- Loaded All Assemblies, in  0.847 seconds
Refreshing native plugins compatible for Editor in 6.60 ms, found 3 plugins.
Native extension for WindowsStandalone target not found
Native extension for WebGL target not found
Package Manager log level set to [2]
[Package Manager] Server::EnsureServerProcessIsRunning -- launch failed, reason: Unity was launched with the -noUpm command-line argument
[Package Manager] UpmClient::Send -- Unable to send message (not connected to UPM process).
[Package Manager] Cannot connect to Unity Package Manager local server
Launched and connected shader compiler UnityShaderCompiler.exe after 0.07 seconds
Mono: successfully reloaded assembly
- Finished resetting the current domain, in  1.244 seconds
Domain Reload Profiling: 2087ms
	BeginReloadAssembly (120ms)
		ExecutionOrderSort (0ms)
		DisableScriptedObjects (4ms)
		BackupInstance (0ms)
		ReleaseScriptingObjects (0ms)
		CreateAndSetChildDomain (17ms)
	RebuildCommonClasses (24ms)
	RebuildNativeTypeToScriptingClass (7ms)
	initialDomainReloadingComplete (39ms)
	LoadAllAssembliesAndSetupDomain (653ms)
		LoadAssemblies (439ms)
		RebuildTransferFunctionScriptingTraits (0ms)
		AnalyzeDomain (283ms)
			TypeCache.Refresh (248ms)
				TypeCache.ScanAssembly (226ms)
			ScanForSourceGeneratedMonoScriptInfo (25ms)
			ResolveRequiredComponents (9ms)
	FinalizeReload (1244ms)
		ReleaseScriptCaches (0ms)
		RebuildScriptCaches (0ms)
		SetupLoadedEditorAssemblies (1106ms)
			LogAssemblyErrors (0ms)
			InitializePlatformSupportModulesInManaged (7ms)
			SetLoadedEditorAssemblies (3ms)
			RefreshPlugins (0ms)
			BeforeProcessingInitializeOnLoad (71ms)
			ProcessInitializeOnLoadAttributes (722ms)
			ProcessInitializeOnLoadMethodAttributes (295ms)
			AfterProcessingInitializeOnLoad (7ms)
			EditorAssembliesLoaded (0ms)
		ExecutionOrderSort2 (0ms)
		AwakeInstancesAfterBackupRestoration (5ms)
database is locked
database is locked
Refreshing native plugins compatible for Editor in 10.52 ms, found 3 plugins.
Preloading 0 native plugins for Editor in 0.00 ms.
Unloading 5968 Unused Serialized files (Serialized files now loaded: 0)
Unloading 108 unused Assets / (1.7 MB). Loaded Objects now: 6486.
Memory consumption went from 262.1 MB to 260.4 MB.
Total: 23.057800 ms (FindLiveObjects: 0.671200 ms CreateObjectMapping: 0.203300 ms MarkObjects: 21.755600 ms  DeleteObjects: 0.426700 ms)

AssetImportParameters requested are different than current active one (requested -> active):
  custom:container-demuxer-ogg: 62fdf1f143b41e24485cea50d1cbac27 -> 
  custom:video-codec-MediaFoundation-h265: 746d11721c4dcdbdad8f713fa42b33f4 -> 
  custom:video-decoder-ogg-theora: a1e56fd34408186e4bbccfd4996cb3dc -> 
  custom:framework-win-MediaFoundation: 216162199b28c13a410421893ffa2e32 -> 
  custom:CustomObjectIndexerAttribute: d54d2f2da18e7612c182cf67624b6b12 -> 
  custom:container-demuxer-webm: 4f35f7cbe854078d1ac9338744f61a02 -> 
  custom:container-muxer-webm: aa71ff27fc2769a1b78a27578f13a17b -> 
  custom:video-decoder-webm-vp8: 9c59270c3fd7afecdb556c50c9e8de78 -> 
  custom:SearchIndexIgnoredProperties: e643bd26f0fe6173181afceb89e7c659 -> 
  custom:AudioImporter_EditorPlatform: d09bf68614088b80899f8185d706f6e7 -> 
  custom:video-encoder-webm-vp8: eb34c28f22e8b96e1ab97ce403110664 -> 
  custom:audio-decoder-ogg-vorbis: bf7c407c2cedff20999df2af8eb42d56 -> 
  custom:audio-encoder-webm-vorbis: bf7c407c2cedff20999df2af8eb42d56 -> 
========================================================================
Received Import Request.
  Time since last request: 83005.183307 seconds.
  path: Assets/ThirdParty/models/Technical laboratory designer-V1_Room/3d/Materials/dla-zbr_steni_AlbedoTransparency.mat
  artifactKey: Guid(07056ccaf9e808648a97b9b120b8c6b9) Importer(815301076,1909f56bfc062723c751e8b465ee728b)
Start importing Assets/ThirdParty/models/Technical laboratory designer-V1_Room/3d/Materials/dla-zbr_steni_AlbedoTransparency.mat using Guid(07056ccaf9e808648a97b9b120b8c6b9) Importer(815301076,1909f56bfc062723c751e8b465ee728b)  -> (artifact id: '83e74f99142cff8c91848b85a04d7a49') in 0.220344 seconds
Number of updated asset objects reloaded before import = 0
Number of asset objects unloaded after import = 4
========================================================================
Received Import Request.
  Time since last request: 3.570521 seconds.
  path: Assets/My Assets/Materials/Materials/Epic_BlueSunset.mat
  artifactKey: Guid(7416536dbe0334cfd888dd1beb75a9fb) Importer(815301076,1909f56bfc062723c751e8b465ee728b)
Start importing Assets/My Assets/Materials/Materials/Epic_BlueSunset.mat using Guid(7416536dbe0334cfd888dd1beb75a9fb) Importer(815301076,1909f56bfc062723c751e8b465ee728b)  -> (artifact id: '0d50641282649f3fae46b2be18069b3f') in 0.030518 seconds
Number of updated asset objects reloaded before import = 0
Number of asset objects unloaded after import = 8
========================================================================
Received Import Request.
  Time since last request: 0.198571 seconds.
  path: Assets/ThirdParty/models/GeeKay3D/First-Aid-Set/Assets/Materials/FirstAid_Biohazard.mat
  artifactKey: Guid(69a168f96607daf498ab6dbbcb23ed5a) Importer(815301076,1909f56bfc062723c751e8b465ee728b)
Start importing Assets/ThirdParty/models/GeeKay3D/First-Aid-Set/Assets/Materials/FirstAid_Biohazard.mat using Guid(69a168f96607daf498ab6dbbcb23ed5a) Importer(815301076,1909f56bfc062723c751e8b465ee728b)  -> (artifact id: 'a9daa825e57532caa43acb989c8b5962') in 0.037621 seconds
Number of updated asset objects reloaded before import = 0
Number of asset objects unloaded after import = 6
========================================================================
Received Import Request.
  Time since last request: 0.000017 seconds.
  path: Packages/com.unity.searcher/Editor/Resources/FlatSkin/Font/Roboto-BlackItalic.ttf
  artifactKey: Guid(f95147a9bab9fe649b8070170fa7ebd2) Importer(815301076,1909f56bfc062723c751e8b465ee728b)
Start importing Packages/com.unity.searcher/Editor/Resources/FlatSkin/Font/Roboto-BlackItalic.ttf using Guid(f95147a9bab9fe649b8070170fa7ebd2) Importer(815301076,1909f56bfc062723c751e8b465ee728b)  -> (artifact id: '2b7b5164a429575f587ace4050f1092a') in 0.025957 seconds
Number of updated asset objects reloaded before import = 0
Number of asset objects unloaded after import = 5
========================================================================
Received Import Request.
  Time since last request: 0.000014 seconds.
  path: Packages/com.unity.render-pipelines.core/Runtime/Debugging/Prefabs/Fonts/PerfectDOSVGA437.ttf
  artifactKey: Guid(74a5091d8707f334b9a5c31ef71a64ba) Importer(815301076,1909f56bfc062723c751e8b465ee728b)
Start importing Packages/com.unity.render-pipelines.core/Runtime/Debugging/Prefabs/Fonts/PerfectDOSVGA437.ttf using Guid(74a5091d8707f334b9a5c31ef71a64ba) Importer(815301076,1909f56bfc062723c751e8b465ee728b)  -> (artifact id: 'c21c762741abe7e62f1382c942f76708') in 0.009290 seconds
Number of updated asset objects reloaded before import = 0
Number of asset objects unloaded after import = 5
========================================================================
Received Import Request.
  Time since last request: 3.863203 seconds.
  path: Assets/Plugins/TextMesh Pro/Examples & Extras/Fonts/Anton.ttf
  artifactKey: Guid(997a43b767814dd0a7642ec9b78cba41) Importer(815301076,1909f56bfc062723c751e8b465ee728b)
Start importing Assets/Plugins/TextMesh Pro/Examples & Extras/Fonts/Anton.ttf using Guid(997a43b767814dd0a7642ec9b78cba41) Importer(815301076,1909f56bfc062723c751e8b465ee728b)  -> (artifact id: '4096473cd8eda2bc20c31b613b4ee723') in 0.011492 seconds
Number of updated asset objects reloaded before import = 0
Number of asset objects unloaded after import = 5
========================================================================
Received Import Request.
  Time since last request: 0.150187 seconds.
  path: Assets/My Assets/Materials/green.mat
  artifactKey: Guid(d2bdf1a6dfeae454b81a57ae4a393004) Importer(815301076,1909f56bfc062723c751e8b465ee728b)
Start importing Assets/My Assets/Materials/green.mat using Guid(d2bdf1a6dfeae454b81a57ae4a393004) Importer(815301076,1909f56bfc062723c751e8b465ee728b)  -> (artifact id: 'e00bd5a4d3287a4e83890919bb7af552') in 0.015761 seconds
Number of updated asset objects reloaded before import = 0
Number of asset objects unloaded after import = 3
========================================================================
Received Import Request.
  Time since last request: 0.071420 seconds.
  path: Assets/My Assets/Materials/Materials/Landscape.mat
  artifactKey: Guid(1045d2cff7dde4d3ab5feb4f0dbc7f8f) Importer(815301076,1909f56bfc062723c751e8b465ee728b)
Start importing Assets/My Assets/Materials/Materials/Landscape.mat using Guid(1045d2cff7dde4d3ab5feb4f0dbc7f8f) Importer(815301076,1909f56bfc062723c751e8b465ee728b)  -> (artifact id: 'bc596f74bb56af8347da41d12a688d9e') in 0.010877 seconds
Number of updated asset objects reloaded before import = 0
Number of asset objects unloaded after import = 2
========================================================================
Received Import Request.
  Time since last request: 0.000014 seconds.
  path: Assets/Plugins/TextMesh Pro/Examples & Extras/Resources/Fonts & Materials/LiberationSans SDF - Overlay.mat
  artifactKey: Guid(9ad269c99dcf42b7aedefd83dd5a7b9d) Importer(815301076,1909f56bfc062723c751e8b465ee728b)
Start importing Assets/Plugins/TextMesh Pro/Examples & Extras/Resources/Fonts & Materials/LiberationSans SDF - Overlay.mat using Guid(9ad269c99dcf42b7aedefd83dd5a7b9d) Importer(815301076,1909f56bfc062723c751e8b465ee728b)  -> (artifact id: 'd894d1d93c2334f09134b0b17b558c00') in 0.022152 seconds
Number of updated asset objects reloaded before import = 0
Number of asset objects unloaded after import = 3
========================================================================
Received Import Request.
  Time since last request: 1.568634 seconds.
  path: Assets/My Assets/Prefabs/3DAssets/Models/Keyitems/celticswordUDP.fbx
  artifactKey: Guid(b4dd9c6908d94ea45bdaf3629bff264e) Importer(815301076,1909f56bfc062723c751e8b465ee728b)
Start importing Assets/My Assets/Prefabs/3DAssets/Models/Keyitems/celticswordUDP.fbx using Guid(b4dd9c6908d94ea45bdaf3629bff264e) Importer(815301076,1909f56bfc062723c751e8b465ee728b)  -> (artifact id: 'd66aee5dfd55e52b1eda91f9544dc1f1') in 0.043148 seconds
Number of updated asset objects reloaded before import = 0
Number of asset objects unloaded after import = 19
========================================================================
Received Import Request.
  Time since last request: 0.052962 seconds.
  path: Assets/My Assets/Prefabs/3DAssets/Models/Props/materials/Material.001 1.mat
  artifactKey: Guid(72fcb41c570ffdc4792c7428ca92f498) Importer(815301076,1909f56bfc062723c751e8b465ee728b)
Start importing Assets/My Assets/Prefabs/3DAssets/Models/Props/materials/Material.001 1.mat using Guid(72fcb41c570ffdc4792c7428ca92f498) Importer(815301076,1909f56bfc062723c751e8b465ee728b)  -> (artifact id: 'd56c5e1e4b5a697fa16afc80a7fc3925') in 0.011809 seconds
Number of updated asset objects reloaded before import = 0
Number of asset objects unloaded after import = 3
========================================================================
Received Import Request.
  Time since last request: 1.361485 seconds.
  path: Assets/My Assets/Prefabs/3DAssets/Models/Props/Material.004 1.mat
  artifactKey: Guid(77263bb54d4fa944896151057382c9c0) Importer(815301076,1909f56bfc062723c751e8b465ee728b)
Start importing Assets/My Assets/Prefabs/3DAssets/Models/Props/Material.004 1.mat using Guid(77263bb54d4fa944896151057382c9c0) Importer(815301076,1909f56bfc062723c751e8b465ee728b)  -> (artifact id: '8b7eda60f735fe0d229acc399f132f47') in 0.010089 seconds
Number of updated asset objects reloaded before import = 0
Number of asset objects unloaded after import = 2
========================================================================
Received Import Request.
  Time since last request: 0.003658 seconds.
  path: Assets/My Assets/Materials/Materials/Material.009.mat
  artifactKey: Guid(2dade90021dfa3d468cfe4022aea91f1) Importer(815301076,1909f56bfc062723c751e8b465ee728b)
Start importing Assets/My Assets/Materials/Materials/Material.009.mat using Guid(2dade90021dfa3d468cfe4022aea91f1) Importer(815301076,1909f56bfc062723c751e8b465ee728b)  -> (artifact id: 'fa8310701cfc41d27c17388004b63ce2') in 0.011925 seconds
Number of updated asset objects reloaded before import = 0
Number of asset objects unloaded after import = 2
========================================================================
Received Import Request.
  Time since last request: 0.072701 seconds.
  path: Assets/My Assets/Prefabs/3DAssets/Models/Props/materials/Material.013.mat
  artifactKey: Guid(1f3a94eed6cb6554c8c7a1874cc5dfa5) Importer(815301076,1909f56bfc062723c751e8b465ee728b)
Start importing Assets/My Assets/Prefabs/3DAssets/Models/Props/materials/Material.013.mat using Guid(1f3a94eed6cb6554c8c7a1874cc5dfa5) Importer(815301076,1909f56bfc062723c751e8b465ee728b)  -> (artifact id: '1a02e732d9e06fd93f9768d6c5d4e144') in 0.014347 seconds
Number of updated asset objects reloaded before import = 0
Number of asset objects unloaded after import = 3
========================================================================
Received Import Request.
  Time since last request: 0.000983 seconds.
  path: Assets/My Assets/Materials/Materials/Night Moon Burst.mat
  artifactKey: Guid(c494c335823f54b52b2e87e1b7a63a23) Importer(815301076,1909f56bfc062723c751e8b465ee728b)
Start importing Assets/My Assets/Materials/Materials/Night Moon Burst.mat using Guid(c494c335823f54b52b2e87e1b7a63a23) Importer(815301076,1909f56bfc062723c751e8b465ee728b)  -> (artifact id: '170dd4639a7f4e58b9e5312dc33922a3') in 0.021872 seconds
Number of updated asset objects reloaded before import = 0
Number of asset objects unloaded after import = 8
========================================================================
Received Import Request.
  Time since last request: 0.052989 seconds.
  path: Packages/com.unity.render-pipelines.universal/Runtime/Materials/ParticlesUnlit.mat
  artifactKey: Guid(e823cd5b5d27c0f4b8256e7c12ee3e6d) Importer(815301076,1909f56bfc062723c751e8b465ee728b)
Start importing Packages/com.unity.render-pipelines.universal/Runtime/Materials/ParticlesUnlit.mat using Guid(e823cd5b5d27c0f4b8256e7c12ee3e6d) Importer(815301076,1909f56bfc062723c751e8b465ee728b)  -> (artifact id: 'a45911ba89fe0eb283a658561a7397d1') in 0.109747 seconds
Number of updated asset objects reloaded before import = 0
Number of asset objects unloaded after import = 1
========================================================================
Received Import Request.
  Time since last request: 4.205343 seconds.
  path: Packages/com.unity.render-pipelines.universal/Shaders/Nature/SpeedTree8_PBRLit.shadergraph
  artifactKey: Guid(9920c1f1781549a46ba081a2a15a16ec) Importer(815301076,1909f56bfc062723c751e8b465ee728b)
Start importing Packages/com.unity.render-pipelines.universal/Shaders/Nature/SpeedTree8_PBRLit.shadergraph using Guid(9920c1f1781549a46ba081a2a15a16ec) Importer(815301076,1909f56bfc062723c751e8b465ee728b)  -> (artifact id: '238619793d4e2f3f9918e157a9a6eb5f') in 0.988096 seconds
Number of updated asset objects reloaded before import = 0
Number of asset objects unloaded after import = 2
========================================================================
Received Import Request.
  Time since last request: 26.543201 seconds.
  path: Packages/com.unity.render-pipelines.universal/Shaders/2D/VFXSpriteUnlit.shadergraph
  artifactKey: Guid(d7288f66e4fb0634c9afef98c31b722a) Importer(815301076,1909f56bfc062723c751e8b465ee728b)
Start importing Packages/com.unity.render-pipelines.universal/Shaders/2D/VFXSpriteUnlit.shadergraph using Guid(d7288f66e4fb0634c9afef98c31b722a) Importer(815301076,1909f56bfc062723c751e8b465ee728b)  -> (artifact id: 'e8f2a63222f646c70453620b9698da44') in 0.119020 seconds
Number of updated asset objects reloaded before import = 0
Number of asset objects unloaded after import = 3
========================================================================
Received Import Request.
  Time since last request: 0.417489 seconds.
  path: Assets/My Assets/Materials/Materials/yellowmodelfbx-Material.010.mat
  artifactKey: Guid(ff24779ef69b2e545879bc7794916893) Importer(815301076,1909f56bfc062723c751e8b465ee728b)
Start importing Assets/My Assets/Materials/Materials/yellowmodelfbx-Material.010.mat using Guid(ff24779ef69b2e545879bc7794916893) Importer(815301076,1909f56bfc062723c751e8b465ee728b)  -> (artifact id: '110d8e8059935b9e0bf52791d7f3eccf') in 0.044462 seconds
Number of updated asset objects reloaded before import = 0
Number of asset objects unloaded after import = 2
========================================================================
Received Import Request.
  Time since last request: 118.361303 seconds.
  path: Assets/My Assets/Materials/Remy_Body_Diffuse.png
  artifactKey: Guid(f684fafcd254f8e47ba4096bb3666932) Importer(815301076,1909f56bfc062723c751e8b465ee728b)
Start importing Assets/My Assets/Materials/Remy_Body_Diffuse.png using Guid(f684fafcd254f8e47ba4096bb3666932) Importer(815301076,1909f56bfc062723c751e8b465ee728b)  -> (artifact id: 'd7ea2c792a7fc4635380796b02a08016') in 0.017454 seconds
Number of updated asset objects reloaded before import = 0
Number of asset objects unloaded after import = 2
========================================================================
Received Import Request.
  Time since last request: 0.000018 seconds.
  path: Assets/My Assets/Materials/Remy_Body_Normal.png
  artifactKey: Guid(6185682c5d5a5104599ff3b006750a90) Importer(815301076,1909f56bfc062723c751e8b465ee728b)
Start importing Assets/My Assets/Materials/Remy_Body_Normal.png using Guid(6185682c5d5a5104599ff3b006750a90) Importer(815301076,1909f56bfc062723c751e8b465ee728b)  -> (artifact id: '9811ee6d77d0c939a4c380dba7b5eadc') in 0.019818 seconds
Number of updated asset objects reloaded before import = 0
Number of asset objects unloaded after import = 2
========================================================================
Received Import Request.
  Time since last request: 0.000017 seconds.
  path: Assets/My Assets/Materials/Remy_Bottom_Gloss.png
  artifactKey: Guid(1b292b9eeba0d364db0d2349e20a064d) Importer(815301076,1909f56bfc062723c751e8b465ee728b)
Start importing Assets/My Assets/Materials/Remy_Bottom_Gloss.png using Guid(1b292b9eeba0d364db0d2349e20a064d) Importer(815301076,1909f56bfc062723c751e8b465ee728b)  -> (artifact id: '1879940d13295ca5e7028c6ad20b03ad') in 0.013226 seconds
Number of updated asset objects reloaded before import = 0
Number of asset objects unloaded after import = 2
========================================================================
Received Import Request.
  Time since last request: 0.000650 seconds.
  path: Assets/My Assets/Materials/Remy_Hair_Normal.png
  artifactKey: Guid(786dd3901a57326488a2dc4778b9b03c) Importer(815301076,1909f56bfc062723c751e8b465ee728b)
Start importing Assets/My Assets/Materials/Remy_Hair_Normal.png using Guid(786dd3901a57326488a2dc4778b9b03c) Importer(815301076,1909f56bfc062723c751e8b465ee728b)  -> (artifact id: '73db9c4dfd93cbc463be1cb8f64819d2') in 0.016699 seconds
Number of updated asset objects reloaded before import = 0
Number of asset objects unloaded after import = 2
========================================================================
Received Import Request.
  Time since last request: 0.001747 seconds.
  path: Assets/My Assets/Materials/Remy_Hair_Opacity.png
  artifactKey: Guid(77b363ba1c27b03409406eaa709e9ec8) Importer(815301076,1909f56bfc062723c751e8b465ee728b)
Start importing Assets/My Assets/Materials/Remy_Hair_Opacity.png using Guid(77b363ba1c27b03409406eaa709e9ec8) Importer(815301076,1909f56bfc062723c751e8b465ee728b)  -> (artifact id: 'e765ffbc83d09349df8409e1af59e387') in 0.017415 seconds
Number of updated asset objects reloaded before import = 0
Number of asset objects unloaded after import = 2
========================================================================
Received Import Request.
  Time since last request: 0.000020 seconds.
  path: Assets/My Assets/Materials/Remy_Top_Gloss.png
  artifactKey: Guid(901207cf90f46e14f9613ab7945fae1f) Importer(815301076,1909f56bfc062723c751e8b465ee728b)
Start importing Assets/My Assets/Materials/Remy_Top_Gloss.png using Guid(901207cf90f46e14f9613ab7945fae1f) Importer(815301076,1909f56bfc062723c751e8b465ee728b)  -> (artifact id: 'ad055bbe0ee2b801a79b5c30ba485d81') in 0.016643 seconds
Number of updated asset objects reloaded before import = 0
Number of asset objects unloaded after import = 2
========================================================================
Received Import Request.
  Time since last request: 0.000015 seconds.
  path: Assets/My Assets/Materials/Remy_Shoes_Gloss.png
  artifactKey: Guid(f30690468476ec6438a7f683dc9e53a9) Importer(815301076,1909f56bfc062723c751e8b465ee728b)
Start importing Assets/My Assets/Materials/Remy_Shoes_Gloss.png using Guid(f30690468476ec6438a7f683dc9e53a9) Importer(815301076,1909f56bfc062723c751e8b465ee728b)  -> (artifact id: '5754e7e2f25a332f6a95be85c5eccf3a') in 0.019030 seconds
Number of updated asset objects reloaded before import = 0
Number of asset objects unloaded after import = 2
========================================================================
Received Import Request.
  Time since last request: 0.000017 seconds.
  path: Assets/My Assets/Materials/Remy_Hair_Specular.png
  artifactKey: Guid(82dc1769ac0184544b7273f61b844eea) Importer(815301076,1909f56bfc062723c751e8b465ee728b)
Start importing Assets/My Assets/Materials/Remy_Hair_Specular.png using Guid(82dc1769ac0184544b7273f61b844eea) Importer(815301076,1909f56bfc062723c751e8b465ee728b)  -> (artifact id: 'f264b40bbb8bfbb6a213bb3a335d8cee') in 0.014642 seconds
Number of updated asset objects reloaded before import = 0
Number of asset objects unloaded after import = 2
========================================================================
Received Import Request.
  Time since last request: 0.000014 seconds.
  path: Assets/My Assets/Materials/Remy_Top_Normal.png
  artifactKey: Guid(d4827b2a5a712604982e3604ff171958) Importer(815301076,1909f56bfc062723c751e8b465ee728b)
Start importing Assets/My Assets/Materials/Remy_Top_Normal.png using Guid(d4827b2a5a712604982e3604ff171958) Importer(815301076,1909f56bfc062723c751e8b465ee728b)  -> (artifact id: '4cdf6510b69b2b97d363f4275fc6b3e0') in 0.015572 seconds
Number of updated asset objects reloaded before import = 0
Number of asset objects unloaded after import = 2
========================================================================
Received Import Request.
  Time since last request: 0.000015 seconds.
  path: Assets/My Assets/Materials/Remy_Shoes_Specular.png
  artifactKey: Guid(42d28b5d41bf0634c8d5adeafd8dfc40) Importer(815301076,1909f56bfc062723c751e8b465ee728b)
Start importing Assets/My Assets/Materials/Remy_Shoes_Specular.png using Guid(42d28b5d41bf0634c8d5adeafd8dfc40) Importer(815301076,1909f56bfc062723c751e8b465ee728b)  -> (artifact id: 'fe4ab5f40b3984b0452315b5a0b18d1a') in 0.014575 seconds
Number of updated asset objects reloaded before import = 0
Number of asset objects unloaded after import = 2
========================================================================
Received Import Request.
  Time since last request: 0.000011 seconds.
  path: Assets/My Assets/Materials/Remy_Bottom_Specular.png
  artifactKey: Guid(615bfe1376a4b0444a76925b4cce0e6f) Importer(815301076,1909f56bfc062723c751e8b465ee728b)
Start importing Assets/My Assets/Materials/Remy_Bottom_Specular.png using Guid(615bfe1376a4b0444a76925b4cce0e6f) Importer(815301076,1909f56bfc062723c751e8b465ee728b)  -> (artifact id: 'b42db60dcd071f620422ac6f0037bf79') in 0.017172 seconds
Number of updated asset objects reloaded before import = 0
Number of asset objects unloaded after import = 2
Editor requested this worker to shutdown with reason: Scaling down because of idle timeout
TcpMessagingSession - receive error: operation aborted. errorcode: 995, details: The I/O operation has been aborted because of either a thread exit or an application request.
AssetImportWorker is now disconnected from the server
Process exiting
Exiting without the bug reporter. Application will terminate with return code 0